DEPRECATION WARNING: You didn't set `secret_key_base`. Read the upgrade documentation to learn more about this new config option. (called from service at /Users/Bill/.rbenv/versions/2.2.1/lib/ruby/2.2.0/webrick/httpserver.rb:138)


Started GET "/" for ::1 at 2015-06-30 19:02:35 -0400
Processing by SayController#hello as HTML
  Rendered say/hello.html.erb within layouts/application (1.1ms)
Completed 200 OK in 257ms (Views: 256.8ms)


Started GET "/assets/jquery_ujs.self.js?body=1" for ::1 at 2015-06-30 19:02:35 -0400


Started GET "/assets/jquery.self.js?body=1" for ::1 at 2015-06-30 19:02:35 -0400


Started GET "/assets/application.self.js?body=1" for ::1 at 2015-06-30 19:02:35 -0400


Started GET "/assets/newapp-icon.png" for ::1 at 2015-06-30 19:02:35 -0400
DEPRECATION WARNING: You didn't set `secret_key_base`. Read the upgrade documentation to learn more about this new config option. (called from service at /Users/Bill/.rbenv/versions/2.2.1/lib/ruby/2.2.0/webrick/httpserver.rb:138)


Started GET "/" for ::1 at 2015-07-02 22:39:06 -0400
Processing by SayController#hello as HTML
  Rendered say/hello.html.erb within layouts/application (1.8ms)
Completed 200 OK in 162ms (Views: 161.1ms)


Started GET "/assets/jquery.self.js?body=1" for ::1 at 2015-07-02 22:39:07 -0400


Started GET "/assets/jquery_ujs.self.js?body=1" for ::1 at 2015-07-02 22:39:07 -0400


Started GET "/assets/application.self.js?body=1" for ::1 at 2015-07-02 22:39:07 -0400


Started GET "/assets/newapp-icon.png" for ::1 at 2015-07-02 22:39:07 -0400
DEPRECATION WARNING: You didn't set `secret_key_base`. Read the upgrade documentation to learn more about this new config option. (called from service at /Users/Bill/.rbenv/versions/2.2.1/lib/ruby/2.2.0/webrick/httpserver.rb:138)


Started GET "/" for ::1 at 2015-07-02 22:53:19 -0400
Processing by EntryController#index as HTML
  Rendered entry/index.html.erb within layouts/application (1.9ms)
Completed 200 OK in 291ms (Views: 290.8ms)


Started GET "/assets/entry.self.js?body=1" for ::1 at 2015-07-02 22:53:20 -0400


Started GET "/assets/jquery_ujs.self.js?body=1" for ::1 at 2015-07-02 22:53:20 -0400


Started GET "/assets/jquery.self.js?body=1" for ::1 at 2015-07-02 22:53:20 -0400


Started GET "/assets/application.self.js?body=1" for ::1 at 2015-07-02 22:53:20 -0400
